C:\GV_ASSIGNMENTS\ASSIGNMENT3\RELEASE\A3.EXE
C:\GV_ASSIGNMENTS\ASSIGNMENT3\RELEASE\A3.EXE.EMBED.MANIFEST
C:\GV_ASSIGNMENTS\ASSIGNMENT3\RELEASE\A3.EXE.EMBED.MANIFEST.RES
C:\GV_ASSIGNMENTS\ASSIGNMENT3\RELEASE\A3.EXE.INTERMEDIATE.MANIFEST
C:\GV_ASSIGNMENTS\ASSIGNMENT3\RELEASE\A3.PDB
C:\gv_assignments\assignment3\Release\a3.write.1.tlog
C:\gv_assignments\assignment3\Release\a3_manifest.rc
C:\GV_ASSIGNMENTS\ASSIGNMENT3\RELEASE\CAMERA.OBJ
C:\gv_assignments\assignment3\Release\cl.command.1.tlog
C:\gv_assignments\assignment3\Release\CL.read.1.tlog
C:\gv_assignments\assignment3\Release\CL.write.1.tlog
C:\GV_ASSIGNMENTS\ASSIGNMENT3\RELEASE\CLOTHSYSTEM.OBJ
C:\gv_assignments\assignment3\Release\link.command.1.tlog
C:\gv_assignments\assignment3\Release\link.read.1.tlog
C:\gv_assignments\assignment3\Release\link.write.1.tlog
C:\gv_assignments\assignment3\Release\link-cvtres.read.1.tlog
C:\gv_assignments\assignment3\Release\link-cvtres.write.1.tlog
C:\GV_ASSIGNMENTS\ASSIGNMENT3\RELEASE\MAIN.OBJ
C:\GV_ASSIGNMENTS\ASSIGNMENT3\RELEASE\MATRIX2F.OBJ
C:\GV_ASSIGNMENTS\ASSIGNMENT3\RELEASE\MATRIX3F.OBJ
C:\GV_ASSIGNMENTS\ASSIGNMENT3\RELEASE\MATRIX4F.OBJ
C:\gv_assignments\assignment3\Release\mt.command.1.tlog
C:\gv_assignments\assignment3\Release\mt.read.1.tlog
C:\gv_assignments\assignment3\Release\mt.write.1.tlog
C:\GV_ASSIGNMENTS\ASSIGNMENT3\RELEASE\PARTICLESYSTEM.OBJ
C:\GV_ASSIGNMENTS\ASSIGNMENT3\RELEASE\PENDULUMSYSTEM.OBJ
C:\GV_ASSIGNMENTS\ASSIGNMENT3\RELEASE\QUAT4F.OBJ
C:\gv_assignments\assignment3\Release\rc.command.1.tlog
C:\gv_assignments\assignment3\Release\rc.read.1.tlog
C:\gv_assignments\assignment3\Release\rc.write.1.tlog
C:\GV_ASSIGNMENTS\ASSIGNMENT3\RELEASE\SIMPLESYSTEM.OBJ
C:\GV_ASSIGNMENTS\ASSIGNMENT3\RELEASE\TIMESTEPPER.OBJ
C:\GV_ASSIGNMENTS\ASSIGNMENT3\RELEASE\VC100.PDB
C:\GV_ASSIGNMENTS\ASSIGNMENT3\RELEASE\VECTOR2F.OBJ
C:\GV_ASSIGNMENTS\ASSIGNMENT3\RELEASE\VECTOR3F.OBJ
C:\GV_ASSIGNMENTS\ASSIGNMENT3\RELEASE\VECTOR4F.OBJ
