生成启动时间为 11/3/2018 8:21:42 PM。
     1>项目“C:\gv_assignments\assignment3\a3.vcxproj”在节点 2 上(rebuild 个目标)。
     1>_PrepareForClean:
         正在删除文件“Release\a3.lastbuildstate”。
       InitializeBuildStatus:
         正在创建“Release\a3.unsuccessfulbuild”，因为已指定“AlwaysCreate”。
       ClCompile:
         C:\vs2010\VC\bin\CL.exe /c /IGL /Ivecmath\include /Zi /nologo /W3 /WX- /O2 /Oy- /D WIN32 /D NDEBUG /D _CONSOLE /Gm- /EHsc /MD /GS /fp:precise /Zc:wchar_t /Zc:forScope /Fo"Release\\" /Fd"Release\vc100.pdb" /Gd /TP /analyze- /errorReport:prompt camera.cpp ClothSystem.cpp main.cpp particleSystem.cpp pendulumSystem.cpp simpleSystem.cpp TimeStepper.cpp vecmath\src\Matrix2f.cpp vecmath\src\Matrix3f.cpp vecmath\src\Matrix4f.cpp vecmath\src\Quat4f.cpp vecmath\src\Vector2f.cpp vecmath\src\Vector3f.cpp vecmath\src\Vector4f.cpp
         camera.cpp
     1>camera.cpp(136): warning C4244: “=”: 从“double”转换到“float”，可能丢失数据
     1>camera.cpp(137): warning C4244: “=”: 从“double”转换到“float”，可能丢失数据
         ClothSystem.cpp
     1>ClothSystem.cpp(10): warning C4305: “初始化”: 从“double”到“const float”截断
     1>ClothSystem.cpp(11): warning C4305: “初始化”: 从“double”到“const float”截断
     1>ClothSystem.cpp(13): warning C4244: “初始化”: 从“double”转换到“const float”，可能丢失数据
     1>ClothSystem.cpp(18): warning C4305: “初始化”: 从“double”到“const float”截断
     1>ClothSystem.cpp(33): warning C4244: “参数”: 从“int”转换到“float”，可能丢失数据
     1>ClothSystem.cpp(33): warning C4244: “参数”: 从“int”转换到“float”，可能丢失数据
         main.cpp
     1>main.cpp(38): warning C4244: “参数”: 从“time_t”转换到“unsigned int”，可能丢失数据
     1>main.cpp(99): warning C4244: “参数”: 从“float”转换到“GLint”，可能丢失数据
     1>main.cpp(99): warning C4244: “参数”: 从“float”转换到“GLint”，可能丢失数据
     1>main.cpp(203): warning C4060: switch 语句没有包含“case”或“default”标签
         particleSystem.cpp
         pendulumSystem.cpp
     1>pendulumSystem.cpp(7): warning C4305: “初始化”: 从“double”到“const float”截断
     1>pendulumSystem.cpp(24): warning C4244: “参数”: 从“int”转换到“float”，可能丢失数据
     1>pendulumSystem.cpp(24): warning C4244: “参数”: 从“int”转换到“float”，可能丢失数据
     1>pendulumSystem.cpp(54): warning C4244: “参数”: 从“float”转换到“unsigned int”，可能丢失数据
     1>pendulumSystem.cpp(58): warning C4244: “参数”: 从“float”转换到“unsigned int”，可能丢失数据
     1>pendulumSystem.cpp(85): warning C4244: “参数”: 从“float”转换到“GLint”，可能丢失数据
     1>pendulumSystem.cpp(85): warning C4244: “参数”: 从“float”转换到“GLint”，可能丢失数据
         simpleSystem.cpp
     1>simpleSystem.cpp(21): warning C4018: “<”: 有符号/无符号不匹配
     1>simpleSystem.cpp(35): warning C4244: “参数”: 从“float”转换到“GLint”，可能丢失数据
     1>simpleSystem.cpp(35): warning C4244: “参数”: 从“float”转换到“GLint”，可能丢失数据
         TimeStepper.cpp
     1>TimeStepper.cpp(14): warning C4018: “<”: 有符号/无符号不匹配
     1>TimeStepper.cpp(33): warning C4018: “<”: 有符号/无符号不匹配
     1>TimeStepper.cpp(40): warning C4018: “<”: 有符号/无符号不匹配
     1>TimeStepper.cpp(41): warning C4244: “参数”: 从“double”转换到“float”，可能丢失数据
         Matrix2f.cpp
         Matrix3f.cpp
         Matrix4f.cpp
         Quat4f.cpp
         Vector2f.cpp
         Vector3f.cpp
         Vector4f.cpp
         正在生成代码...
       ManifestResourceCompile:
         C:\Program Files (x86)\Microsoft SDKs\Windows\v7.0A\bin\rc.exe /nologo /fo"Release\a3.exe.embed.manifest.res" Release\a3_manifest.rc 
       Link:
         C:\vs2010\VC\bin\link.exe /ERRORREPORT:PROMPT /OUT:"C:\gv_assignments\assignment3\Release\a3.exe" /INCREMENTAL /NOLOGO RK4.lib freeglut.lib kernel32.lib user32.lib gdi32.lib winspool.lib comdlg32.lib advapi32.lib shell32.lib ole32.lib oleaut32.lib uuid.lib odbc32.lib odbccp32.lib kernel32.lib user32.lib gdi32.lib winspool.lib comdlg32.lib advapi32.lib shell32.lib ole32.lib oleaut32.lib uuid.lib odbc32.lib odbccp32.lib /MANIFEST /ManifestFile:"Release\a3.exe.intermediate.manifest" /MANIFESTUAC:"level='asInvoker' uiAccess='false'" /DEBUG /PDB:"C:\gv_assignments\assignment3\Release\a3.pdb" /SUBSYSTEM:CONSOLE /OPT:REF /OPT:ICF /TLBID:1 /DYNAMICBASE /NXCOMPAT /IMPLIB:"C:\gv_assignments\assignment3\Release\a3.lib" /MACHINE:X86 Release\a3.exe.embed.manifest.res
         Release\camera.obj
         Release\ClothSystem.obj
         Release\main.obj
         Release\particleSystem.obj
         Release\pendulumSystem.obj
         Release\simpleSystem.obj
         Release\TimeStepper.obj
         Release\Matrix2f.obj
         Release\Matrix3f.obj
         Release\Matrix4f.obj
         Release\Quat4f.obj
         Release\Vector2f.obj
         Release\Vector3f.obj
         Release\Vector4f.obj
     1>LINK : warning LNK4075: 忽略“/INCREMENTAL”(由于“/OPT:ICF”规范)
     1>RK4.lib(integrator.obj) : warning LNK4204: “C:\gv_assignments\assignment3\Release\vc100.pdb”缺少引用模块的调试信息；正在链接对象，如同没有调试信息一样
       Manifest:
         正在删除文件“Release\a3.exe.embed.manifest”。
         C:\Program Files (x86)\Microsoft SDKs\Windows\v7.0A\bin\mt.exe /nologo /verbose /out:"Release\a3.exe.embed.manifest" /manifest Release\a3.exe.intermediate.manifest
         C:\Program Files (x86)\Microsoft SDKs\Windows\v7.0A\bin\rc.exe /nologo /fo"Release\a3.exe.embed.manifest.res" Release\a3_manifest.rc 
       LinkEmbedManifest:
         C:\vs2010\VC\bin\link.exe /ERRORREPORT:PROMPT /OUT:"C:\gv_assignments\assignment3\Release\a3.exe" /INCREMENTAL /NOLOGO RK4.lib freeglut.lib kernel32.lib user32.lib gdi32.lib winspool.lib comdlg32.lib advapi32.lib shell32.lib ole32.lib oleaut32.lib uuid.lib odbc32.lib odbccp32.lib kernel32.lib user32.lib gdi32.lib winspool.lib comdlg32.lib advapi32.lib shell32.lib ole32.lib oleaut32.lib uuid.lib odbc32.lib odbccp32.lib /MANIFEST /ManifestFile:"Release\a3.exe.intermediate.manifest" /MANIFESTUAC:"level='asInvoker' uiAccess='false'" /DEBUG /PDB:"C:\gv_assignments\assignment3\Release\a3.pdb" /SUBSYSTEM:CONSOLE /OPT:REF /OPT:ICF /TLBID:1 /DYNAMICBASE /NXCOMPAT /IMPLIB:"C:\gv_assignments\assignment3\Release\a3.lib" /MACHINE:X86 Release\a3.exe.embed.manifest.res
         Release\camera.obj
         Release\ClothSystem.obj
         Release\main.obj
         Release\particleSystem.obj
         Release\pendulumSystem.obj
         Release\simpleSystem.obj
         Release\TimeStepper.obj
         Release\Matrix2f.obj
         Release\Matrix3f.obj
         Release\Matrix4f.obj
         Release\Quat4f.obj
         Release\Vector2f.obj
         Release\Vector3f.obj
         Release\Vector4f.obj
     1>LINK : warning LNK4075: 忽略“/INCREMENTAL”(由于“/OPT:ICF”规范)
     1>RK4.lib(integrator.obj) : warning LNK4204: “C:\gv_assignments\assignment3\Release\vc100.pdb”缺少引用模块的调试信息；正在链接对象，如同没有调试信息一样
         a3.vcxproj -> C:\gv_assignments\assignment3\Release\a3.exe
       FinalizeBuildStatus:
         正在删除文件“Release\a3.unsuccessfulbuild”。
         正在对“Release\a3.lastbuildstate”执行 Touch 任务。
     1>已完成生成项目“C:\gv_assignments\assignment3\a3.vcxproj”(rebuild 个目标)的操作。

生成成功。

已用时间 00:00:03.98
